This file contains any messages produced by compilers while
running configure, to aid debugging if configure makes a mistake.

It was created by configure, which was
generated by GNU Autoconf 2.61.  Invocation command line was

  $ ./configure --with-showlistmodes --enable-hub --enable-ssl --enable-prefixaq --with-listen=5 --with-dpath=/var/unrealircd/Unreal3.2 --with-spath=/var/unrealircd/Unreal3.2/src/ircd --with-nick-history=2000 --with-sendq=3000000 --with-bufferpool=18 --with-hostname=tktestserv --with-permissions=0600 --with-fd-setsize=1024 --enable-dynamic-linking

## --------- ##
## Platform. ##
## --------- ##

hostname = tktestserv
uname -m = i686
uname -r = 2.6.32-5-686
uname -s = Linux
uname -v = #1 SMP Wed May 18 07:08:50 UTC 2011

/usr/bin/uname -p = unknown
/bin/uname -X     = unknown

/bin/arch              = unknown
/usr/bin/arch -k       = unknown
/usr/convex/getsysinfo = unknown
/usr/bin/hostinfo      = unknown
/bin/machine           = unknown
/usr/bin/oslevel       = unknown
/bin/universe          = unknown

PATH: /usr/local/sbin
PATH: /usr/local/bin
PATH: /usr/sbin
PATH: /usr/bin
PATH: /sbin
PATH: /bin


## ----------- ##
## Core tests. ##
## ----------- ##

configure:1791: checking for gcc
configure:1807: found /usr/bin/gcc
configure:1818: result: gcc
configure:2056: checking for C compiler version
configure:2063: gcc --version >&5
gcc (Debian 4.4.5-8) 4.4.5
Copyright (C) 2010 Free Software Foundation, Inc.
This is free software; see the source for copying conditions.  There is NO
warranty; not even for MERCHANTABILITY or FITNESS FOR A PARTICULAR PURPOSE.

configure:2066: $? = 0
configure:2073: gcc -v >&5
Using built-in specs.
Target: i486-linux-gnu
Configured with: ../src/configure -v --with-pkgversion='Debian 4.4.5-8' --with-bugurl=file:///usr/share/doc/gcc-4.4/README.Bugs --enable-languages=c,c++,fortran,objc,obj-c++ --prefix=/usr --program-suffix=-4.4 --enable-shared --enable-multiarch --enable-linker-build-id --with-system-zlib --libexecdir=/usr/lib --without-included-gettext --enable-threads=posix --with-gxx-include-dir=/usr/include/c++/4.4 --libdir=/usr/lib --enable-nls --enable-clocale=gnu --enable-libstdcxx-debug --enable-objc-gc --enable-targets=all --with-arch-32=i586 --with-tune=generic --enable-checking=release --build=i486-linux-gnu --host=i486-linux-gnu --target=i486-linux-gnu
Thread model: posix
gcc version 4.4.5 (Debian 4.4.5-8) 
configure:2076: $? = 0
configure:2083: gcc -V >&5
gcc: '-V' option must have argument
configure:2086: $? = 1
configure:2109: checking for C compiler default output file name
configure:2136: gcc    conftest.c  >&5
configure:2139: $? = 0
configure:2177: result: a.out
configure:2194: checking whether the C compiler works
configure:2204: ./a.out
configure:2207: $? = 0
configure:2224: result: yes
configure:2231: checking whether we are cross compiling
configure:2233: result: no
configure:2236: checking for suffix of executables
configure:2243: gcc -o conftest    conftest.c  >&5
configure:2246: $? = 0
configure:2270: result: 
configure:2276: checking for suffix of object files
configure:2302: gcc -c   conftest.c >&5
configure:2305: $? = 0
configure:2328: result: o
configure:2332: checking whether we are using the GNU C compiler
configure:2361: gcc -c   conftest.c >&5
configure:2367: $? = 0
configure:2384: result: yes
configure:2389: checking whether gcc accepts -g
configure:2419: gcc -c -g  conftest.c >&5
configure:2425: $? = 0
configure:2524: result: yes
configure:2541: checking for gcc option to accept ISO C89
configure:2615: gcc  -c -g -O2  conftest.c >&5
configure:2621: $? = 0
configure:2644: result: none needed
configure:2665: checking if gcc has a working -pipe
configure:2694: gcc -c -g -O2 -funsigned-char -pipe  conftest.c >&5
configure:2700: $? = 0
configure:2717: result: yes
configure:2735: checking for rm
configure:2753: found /bin/rm
configure:2765: result: /bin/rm
configure:2775: checking for cp
configure:2793: found /bin/cp
configure:2805: result: /bin/cp
configure:2815: checking for touch
configure:2833: found /usr/bin/touch
configure:2845: result: /usr/bin/touch
configure:2855: checking for openssl
configure:2873: found /usr/bin/openssl
configure:2885: result: /usr/bin/openssl
configure:2895: checking for install
configure:2913: found /usr/bin/install
configure:2925: result: /usr/bin/install
configure:2935: checking for gmake
configure:2963: result: make
configure:2973: checking for gmake
configure:3006: result: no
configure:3013: checking for gunzip
configure:3031: found /bin/gunzip
configure:3043: result: /bin/gunzip
configure:3053: checking for pkg-config
configure:3071: found /usr/bin/pkg-config
configure:3083: result: /usr/bin/pkg-config
configure:3092: checking for crypt in -ldescrypt
configure:3127: gcc -o conftest -pipe -g -O2 -funsigned-char -fno-strict-aliasing -Wno-pointer-sign   conftest.c -ldescrypt   >&5
/usr/bin/ld: cannot find -ldescrypt
collect2: ld returned 1 exit status
configure:3133: $? = 1
configure: failed program was:
| /* confdefs.h.  */
| #define PACKAGE_NAME ""
| #define PACKAGE_TARNAME ""
| #define PACKAGE_VERSION ""
| #define PACKAGE_STRING ""
| #define PACKAGE_BUGREPORT ""
| /* end confdefs.h.  */
| 
| /* Override any GCC internal prototype to avoid an error.
|    Use char because int might match the return type of a GCC
|    builtin and then its argument prototype would still apply.  */
| #ifdef __cplusplus
| extern "C"
| #endif
| char crypt ();
| int
| main ()
| {
| return crypt ();
|   ;
|   return 0;
| }
configure:3151: result: no
configure:3159: checking for crypt in -lcrypt
configure:3194: gcc -o conftest -pipe -g -O2 -funsigned-char -fno-strict-aliasing -Wno-pointer-sign   conftest.c -lcrypt   >&5
configure:3200: $? = 0
configure:3218: result: yes
configure:3229: checking for socket in -lsocket
configure:3264: gcc -o conftest -pipe -g -O2 -funsigned-char -fno-strict-aliasing -Wno-pointer-sign   conftest.c -lsocket   >&5
/usr/bin/ld: cannot find -lsocket
collect2: ld returned 1 exit status
configure:3270: $? = 1
configure: failed program was:
| /* confdefs.h.  */
| #define PACKAGE_NAME ""
| #define PACKAGE_TARNAME ""
| #define PACKAGE_VERSION ""
| #define PACKAGE_STRING ""
| #define PACKAGE_BUGREPORT ""
| #define HAVE_CRYPT 1
| /* end confdefs.h.  */
| 
| /* Override any GCC internal prototype to avoid an error.
|    Use char because int might match the return type of a GCC
|    builtin and then its argument prototype would still apply.  */
| #ifdef __cplusplus
| extern "C"
| #endif
| char socket ();
| int
| main ()
| {
| return socket ();
|   ;
|   return 0;
| }
configure:3288: result: no
configure:3294: checking for inet_ntoa in -lnsl
configure:3329: gcc -o conftest -pipe -g -O2 -funsigned-char -fno-strict-aliasing -Wno-pointer-sign   conftest.c -lnsl   >&5
configure:3335: $? = 0
configure:3353: result: yes
configure:3371: checking how to run the C preprocessor
configure:3411: gcc -E  conftest.c
configure:3417: $? = 0
configure:3448: gcc -E  conftest.c
conftest.c:9:28: error: ac_nonexistent.h: No such file or directory
configure:3454: $? = 1
configure: failed program was:
| /* confdefs.h.  */
| #define PACKAGE_NAME ""
| #define PACKAGE_TARNAME ""
| #define PACKAGE_VERSION ""
| #define PACKAGE_STRING ""
| #define PACKAGE_BUGREPORT ""
| #define HAVE_CRYPT 1
| /* end confdefs.h.  */
| #include <ac_nonexistent.h>
configure:3487: result: gcc -E
configure:3516: gcc -E  conftest.c
configure:3522: $? = 0
configure:3553: gcc -E  conftest.c
conftest.c:9:28: error: ac_nonexistent.h: No such file or directory
configure:3559: $? = 1
configure: failed program was:
| /* confdefs.h.  */
| #define PACKAGE_NAME ""
| #define PACKAGE_TARNAME ""
| #define PACKAGE_VERSION ""
| #define PACKAGE_STRING ""
| #define PACKAGE_BUGREPORT ""
| #define HAVE_CRYPT 1
| /* end confdefs.h.  */
| #include <ac_nonexistent.h>
configure:3597: checking for grep that handles long lines and -e
configure:3671: result: /bin/grep
configure:3676: checking for egrep
configure:3754: result: /bin/grep -E
configure:3759: checking for ANSI C header files
configure:3789: gcc -c -pipe -g -O2 -funsigned-char -fno-strict-aliasing -Wno-pointer-sign  conftest.c >&5
configure:3795: $? = 0
configure:3894: gcc -o conftest -pipe -g -O2 -funsigned-char -fno-strict-aliasing -Wno-pointer-sign   conftest.c  >&5
configure:3897: $? = 0
configure:3903: ./conftest
configure:3906: $? = 0
configure:3923: result: yes
configure:3947: checking for sys/types.h
configure:3968: gcc -c -pipe -g -O2 -funsigned-char -fno-strict-aliasing -Wno-pointer-sign  conftest.c >&5
configure:3974: $? = 0
configure:3990: result: yes
configure:3947: checking for sys/stat.h
configure:3968: gcc -c -pipe -g -O2 -funsigned-char -fno-strict-aliasing -Wno-pointer-sign  conftest.c >&5
configure:3974: $? = 0
configure:3990: result: yes
configure:3947: checking for stdlib.h
configure:3968: gcc -c -pipe -g -O2 -funsigned-char -fno-strict-aliasing -Wno-pointer-sign  conftest.c >&5
configure:3974: $? = 0
configure:3990: result: yes
configure:3947: checking for string.h
configure:3968: gcc -c -pipe -g -O2 -funsigned-char -fno-strict-aliasing -Wno-pointer-sign  conftest.c >&5
configure:3974: $? = 0
configure:3990: result: yes
configure:3947: checking for memory.h
configure:3968: gcc -c -pipe -g -O2 -funsigned-char -fno-strict-aliasing -Wno-pointer-sign  conftest.c >&5
configure:3974: $? = 0
configure:3990: result: yes
configure:3947: checking for strings.h
configure:3968: gcc -c -pipe -g -O2 -funsigned-char -fno-strict-aliasing -Wno-pointer-sign  conftest.c >&5
configure:3974: $? = 0
configure:3990: result: yes
configure:3947: checking for inttypes.h
configure:3968: gcc -c -pipe -g -O2 -funsigned-char -fno-strict-aliasing -Wno-pointer-sign  conftest.c >&5
configure:3974: $? = 0
configure:3990: result: yes
configure:3947: checking for stdint.h
configure:3968: gcc -c -pipe -g -O2 -funsigned-char -fno-strict-aliasing -Wno-pointer-sign  conftest.c >&5
configure:3974: $? = 0
configure:3990: result: yes
configure:3947: checking for unistd.h
configure:3968: gcc -c -pipe -g -O2 -funsigned-char -fno-strict-aliasing -Wno-pointer-sign  conftest.c >&5
configure:3974: $? = 0
configure:3990: result: yes
configure:4012: checking sys/param.h usability
configure:4029: gcc -c -pipe -g -O2 -funsigned-char -fno-strict-aliasing -Wno-pointer-sign  conftest.c >&5
configure:4035: $? = 0
configure:4049: result: yes
configure:4053: checking sys/param.h presence
configure:4068: gcc -E  conftest.c
configure:4074: $? = 0
configure:4088: result: yes
configure:4116: checking for sys/param.h
configure:4123: result: yes
configure:4136: checking for stdlib.h
configure:4141: result: yes
configure:4278: checking stddef.h usability
configure:4295: gcc -c -pipe -g -O2 -funsigned-char -fno-strict-aliasing -Wno-pointer-sign  conftest.c >&5
configure:4301: $? = 0
configure:4315: result: yes
configure:4319: checking stddef.h presence
configure:4334: gcc -E  conftest.c
configure:4340: $? = 0
configure:4354: result: yes
configure:4382: checking for stddef.h
configure:4389: result: yes
configure:4411: checking sys/syslog.h usability
configure:4428: gcc -c -pipe -g -O2 -funsigned-char -fno-strict-aliasing -Wno-pointer-sign  conftest.c >&5
configure:4434: $? = 0
configure:4448: result: yes
configure:4452: checking sys/syslog.h presence
configure:4467: gcc -E  conftest.c
configure:4473: $? = 0
configure:4487: result: yes
configure:4515: checking for sys/syslog.h
configure:4522: result: yes
configure:4535: checking for unistd.h
configure:4540: result: yes
configure:4668: checking for string.h
configure:4673: result: yes
configure:4801: checking for strings.h
configure:4806: result: yes
configure:4943: checking malloc.h usability
configure:4960: gcc -c -pipe -g -O2 -funsigned-char -fno-strict-aliasing -Wno-pointer-sign  conftest.c >&5
configure:4966: $? = 0
configure:4980: result: yes
configure:4984: checking malloc.h presence
configure:4999: gcc -E  conftest.c
configure:5005: $? = 0
configure:5019: result: yes
configure:5047: checking for malloc.h
configure:5054: result: yes
configure:5076: checking sys/rusage.h usability
configure:5093: gcc -c -pipe -g -O2 -funsigned-char -fno-strict-aliasing -Wno-pointer-sign  conftest.c >&5
conftest.c:60:24: error: sys/rusage.h: No such file or directory
configure:5099: $? = 1
configure: failed program was:
| /* confdefs.h.  */
| #define PACKAGE_NAME ""
| #define PACKAGE_TARNAME ""
| #define PACKAGE_VERSION ""
| #define PACKAGE_STRING ""
| #define PACKAGE_BUGREPORT ""
| #define HAVE_CRYPT 1
| #define STDC_HEADERS 1
| #define HAVE_SYS_TYPES_H 1
| #define HAVE_SYS_STAT_H 1
| #define HAVE_STDLIB_H 1
| #define HAVE_STRING_H 1
| #define HAVE_MEMORY_H 1
| #define HAVE_STRINGS_H 1
| #define HAVE_INTTYPES_H 1
| #define HAVE_STDINT_H 1
| #define HAVE_UNISTD_H 1
| #define PARAMH 1
| #define STDLIBH 1
| #define STDDEFH 1
| #define SYSSYSLOGH 1
| #define UNISTDH 1
| #define STRINGH 1
| #define STRINGSH 1
| #define MALLOCH <malloc.h>
| /* end confdefs.h.  */
| #include <stdio.h>
| #ifdef HAVE_SYS_TYPES_H
| # include <sys/types.h>
| #endif
| #ifdef HAVE_SYS_STAT_H
| # include <sys/stat.h>
| #endif
| #ifdef STDC_HEADERS
| # include <stdlib.h>
| # include <stddef.h>
| #else
| # ifdef HAVE_STDLIB_H
| #  include <stdlib.h>
| # endif
| #endif
| #ifdef HAVE_STRING_H
| # if !defined STDC_HEADERS && defined HAVE_MEMORY_H
| #  include <memory.h>
| # endif
| # include <string.h>
| #endif
| #ifdef HAVE_STRINGS_H
| # include <strings.h>
| #endif
| #ifdef HAVE_INTTYPES_H
| # include <inttypes.h>
| #endif
| #ifdef HAVE_STDINT_H
| # include <stdint.h>
| #endif
| #ifdef HAVE_UNISTD_H
| # include <unistd.h>
| #endif
| #include <sys/rusage.h>
configure:5113: result: no
configure:5117: checking sys/rusage.h presence
configure:5132: gcc -E  conftest.c
conftest.c:27:24: error: sys/rusage.h: No such file or directory
configure:5138: $? = 1
configure: failed program was:
| /* confdefs.h.  */
| #define PACKAGE_NAME ""
| #define PACKAGE_TARNAME ""
| #define PACKAGE_VERSION ""
| #define PACKAGE_STRING ""
| #define PACKAGE_BUGREPORT ""
| #define HAVE_CRYPT 1
| #define STDC_HEADERS 1
| #define HAVE_SYS_TYPES_H 1
| #define HAVE_SYS_STAT_H 1
| #define HAVE_STDLIB_H 1
| #define HAVE_STRING_H 1
| #define HAVE_MEMORY_H 1
| #define HAVE_STRINGS_H 1
| #define HAVE_INTTYPES_H 1
| #define HAVE_STDINT_H 1
| #define HAVE_UNISTD_H 1
| #define PARAMH 1
| #define STDLIBH 1
| #define STDDEFH 1
| #define SYSSYSLOGH 1
| #define UNISTDH 1
| #define STRINGH 1
| #define STRINGSH 1
| #define MALLOCH <malloc.h>
| /* end confdefs.h.  */
| #include <sys/rusage.h>
configure:5152: result: no
configure:5180: checking for sys/rusage.h
configure:5187: result: no
configure:5209: checking glob.h usability
configure:5226: gcc -c -pipe -g -O2 -funsigned-char -fno-strict-aliasing -Wno-pointer-sign  conftest.c >&5
configure:5232: $? = 0
configure:5246: result: yes
configure:5250: checking glob.h presence
configure:5265: gcc -E  conftest.c
configure:5271: $? = 0
configure:5285: result: yes
configure:5313: checking for glob.h
configure:5320: result: yes
configure:5332: checking for an ANSI C-conforming const
configure:5407: gcc -c -pipe -g -O2 -funsigned-char -fno-strict-aliasing -Wno-pointer-sign  conftest.c >&5
configure:5413: $? = 0
configure:5428: result: yes
configure:5438: checking for inline
configure:5464: gcc -c -pipe -g -O2 -funsigned-char -fno-strict-aliasing -Wno-pointer-sign  conftest.c >&5
configure:5470: $? = 0
configure:5488: result: inline
configure:5507: checking for size_t
configure:5537: gcc -c -pipe -g -O2 -funsigned-char -fno-strict-aliasing -Wno-pointer-sign  conftest.c >&5
configure:5543: $? = 0
configure:5558: result: yes
configure:5570: checking whether time.h and sys/time.h may both be included
configure:5600: gcc -c -pipe -g -O2 -funsigned-char -fno-strict-aliasing -Wno-pointer-sign  conftest.c >&5
configure:5606: $? = 0
configure:5621: result: yes
configure:5631: checking whether struct tm is in sys/time.h or time.h
configure:5661: gcc -c -pipe -g -O2 -funsigned-char -fno-strict-aliasing -Wno-pointer-sign  conftest.c >&5
configure:5667: $? = 0
configure:5682: result: time.h
configure:5692: checking for uid_t in sys/types.h
configure:5715: result: yes
configure:5730: checking for short
configure:5760: gcc -c -pipe -g -O2 -funsigned-char -fno-strict-aliasing -Wno-pointer-sign  conftest.c >&5
configure:5766: $? = 0
configure:5781: result: yes
configure:5788: checking size of short
configure:6090: gcc -o conftest -pipe -g -O2 -funsigned-char -fno-strict-aliasing -Wno-pointer-sign   conftest.c  >&5
configure:6093: $? = 0
configure:6099: ./conftest
configure:6102: $? = 0
configure:6125: result: 2
configure:6135: checking for int
configure:6165: gcc -c -pipe -g -O2 -funsigned-char -fno-strict-aliasing -Wno-pointer-sign  conftest.c >&5
configure:6171: $? = 0
configure:6186: result: yes
configure:6193: checking size of int
configure:6495: gcc -o conftest -pipe -g -O2 -funsigned-char -fno-strict-aliasing -Wno-pointer-sign   conftest.c  >&5
configure:6498: $? = 0
configure:6504: ./conftest
configure:6507: $? = 0
configure:6530: result: 4
configure:6540: checking for long
configure:6570: gcc -c -pipe -g -O2 -funsigned-char -fno-strict-aliasing -Wno-pointer-sign  conftest.c >&5
configure:6576: $? = 0
configure:6591: result: yes
configure:6598: checking size of long
configure:6900: gcc -o conftest -pipe -g -O2 -funsigned-char -fno-strict-aliasing -Wno-pointer-sign   conftest.c  >&5
configure:6903: $? = 0
configure:6909: ./conftest
configure:6912: $? = 0
configure:6935: result: 4
configure:7073: checking for int16_t
configure:7103: gcc -c -pipe -g -O2 -funsigned-char -fno-strict-aliasing -Wno-pointer-sign  conftest.c >&5
configure:7109: $? = 0
configure:7124: result: yes
configure:7136: checking for u_int16_t
configure:7166: gcc -c -pipe -g -O2 -funsigned-char -fno-strict-aliasing -Wno-pointer-sign  conftest.c >&5
configure:7172: $? = 0
configure:7187: result: yes
configure:7205: checking for int32_t
configure:7235: gcc -c -pipe -g -O2 -funsigned-char -fno-strict-aliasing -Wno-pointer-sign  conftest.c >&5
configure:7241: $? = 0
configure:7256: result: yes
configure:7268: checking for u_int32_t
configure:7298: gcc -c -pipe -g -O2 -funsigned-char -fno-strict-aliasing -Wno-pointer-sign  conftest.c >&5
configure:7304: $? = 0
configure:7319: result: yes
configure:7590: checking for rlim_t
configure:7620: gcc -c -pipe -g -O2 -funsigned-char -fno-strict-aliasing -Wno-pointer-sign  conftest.c >&5
conftest.c:65: error: expected '=', ',', ';', 'asm' or '__attribute__' before 'ac__type_new_'
conftest.c: In function 'main':
conftest.c:69: error: 'ac__type_new_' undeclared (first use in this function)
conftest.c:69: error: (Each undeclared identifier is reported only once
conftest.c:69: error: for each function it appears in.)
conftest.c:69: error: expected expression before ')' token
configure:7626: $? = 1
configure: failed program was:
| /* confdefs.h.  */
| #define PACKAGE_NAME ""
| #define PACKAGE_TARNAME ""
| #define PACKAGE_VERSION ""
| #define PACKAGE_STRING ""
| #define PACKAGE_BUGREPORT ""
| #define HAVE_CRYPT 1
| #define STDC_HEADERS 1
| #define HAVE_SYS_TYPES_H 1
| #define HAVE_SYS_STAT_H 1
| #define HAVE_STDLIB_H 1
| #define HAVE_STRING_H 1
| #define HAVE_MEMORY_H 1
| #define HAVE_STRINGS_H 1
| #define HAVE_INTTYPES_H 1
| #define HAVE_STDINT_H 1
| #define HAVE_UNISTD_H 1
| #define PARAMH 1
| #define STDLIBH 1
| #define STDDEFH 1
| #define SYSSYSLOGH 1
| #define UNISTDH 1
| #define STRINGH 1
| #define STRINGSH 1
| #define MALLOCH <malloc.h>
| #define GLOBH 1
| #define TIME_WITH_SYS_TIME 1
| #define SIZEOF_SHORT 2
| #define SIZEOF_INT 4
| #define SIZEOF_LONG 4
| /* end confdefs.h.  */
| #include <stdio.h>
| #ifdef HAVE_SYS_TYPES_H
| # include <sys/types.h>
| #endif
| #ifdef HAVE_SYS_STAT_H
| # include <sys/stat.h>
| #endif
| #ifdef STDC_HEADERS
| # include <stdlib.h>
| # include <stddef.h>
| #else
| # ifdef HAVE_STDLIB_H
| #  include <stdlib.h>
| # endif
| #endif
| #ifdef HAVE_STRING_H
| # if !defined STDC_HEADERS && defined HAVE_MEMORY_H
| #  include <memory.h>
| # endif
| # include <string.h>
| #endif
| #ifdef HAVE_STRINGS_H
| # include <strings.h>
| #endif
| #ifdef HAVE_INTTYPES_H
| # include <inttypes.h>
| #endif
| #ifdef HAVE_STDINT_H
| # include <stdint.h>
| #endif
| #ifdef HAVE_UNISTD_H
| # include <unistd.h>
| #endif
| typedef rlim_t ac__type_new_;
| int
| main ()
| {
| if ((ac__type_new_ *) 0)
|   return 0;
| if (sizeof (ac__type_new_))
|   return 0;
|   ;
|   return 0;
| }
configure:7641: result: no
configure:7648: checking size of rlim_t
configure:7950: gcc -o conftest -pipe -g -O2 -funsigned-char -fno-strict-aliasing -Wno-pointer-sign   conftest.c  >&5
conftest.c:65: error: expected '=', ',', ';', 'asm' or '__attribute__' before 'ac__type_sizeof_'
conftest.c: In function 'longval':
conftest.c:66: error: 'ac__type_sizeof_' undeclared (first use in this function)
conftest.c:66: error: (Each undeclared identifier is reported only once
conftest.c:66: error: for each function it appears in.)
conftest.c: In function 'ulongval':
conftest.c:67: error: 'ac__type_sizeof_' undeclared (first use in this function)
conftest.c: In function 'main':
conftest.c:77: error: 'ac__type_sizeof_' undeclared (first use in this function)
configure:7953: $? = 1
configure: program exited with status 1
configure: failed program was:
| /* confdefs.h.  */
| #define PACKAGE_NAME ""
| #define PACKAGE_TARNAME ""
| #define PACKAGE_VERSION ""
| #define PACKAGE_STRING ""
| #define PACKAGE_BUGREPORT ""
| #define HAVE_CRYPT 1
| #define STDC_HEADERS 1
| #define HAVE_SYS_TYPES_H 1
| #define HAVE_SYS_STAT_H 1
| #define HAVE_STDLIB_H 1
| #define HAVE_STRING_H 1
| #define HAVE_MEMORY_H 1
| #define HAVE_STRINGS_H 1
| #define HAVE_INTTYPES_H 1
| #define HAVE_STDINT_H 1
| #define HAVE_UNISTD_H 1
| #define PARAMH 1
| #define STDLIBH 1
| #define STDDEFH 1
| #define SYSSYSLOGH 1
| #define UNISTDH 1
| #define STRINGH 1
| #define STRINGSH 1
| #define MALLOCH <malloc.h>
| #define GLOBH 1
| #define TIME_WITH_SYS_TIME 1
| #define SIZEOF_SHORT 2
| #define SIZEOF_INT 4
| #define SIZEOF_LONG 4
| /* end confdefs.h.  */
| #include <stdio.h>
| #ifdef HAVE_SYS_TYPES_H
| # include <sys/types.h>
| #endif
| #ifdef HAVE_SYS_STAT_H
| # include <sys/stat.h>
| #endif
| #ifdef STDC_HEADERS
| # include <stdlib.h>
| # include <stddef.h>
| #else
| # ifdef HAVE_STDLIB_H
| #  include <stdlib.h>
| # endif
| #endif
| #ifdef HAVE_STRING_H
| # if !defined STDC_HEADERS && defined HAVE_MEMORY_H
| #  include <memory.h>
| # endif
| # include <string.h>
| #endif
| #ifdef HAVE_STRINGS_H
| # include <strings.h>
| #endif
| #ifdef HAVE_INTTYPES_H
| # include <inttypes.h>
| #endif
| #ifdef HAVE_STDINT_H
| # include <stdint.h>
| #endif
| #ifdef HAVE_UNISTD_H
| # include <unistd.h>
| #endif
|    typedef rlim_t ac__type_sizeof_;
| static long int longval () { return (long int) (sizeof (ac__type_sizeof_)); }
| static unsigned long int ulongval () { return (long int) (sizeof (ac__type_sizeof_)); }
| #include <stdio.h>
| #include <stdlib.h>
| int
| main ()
| {
| 
|   FILE *f = fopen ("conftest.val", "w");
|   if (! f)
|     return 1;
|   if (((long int) (sizeof (ac__type_sizeof_))) < 0)
|     {
|       long int i = longval ();
|       if (i != ((long int) (sizeof (ac__type_sizeof_))))
| 	return 1;
|       fprintf (f, "%ld\n", i);
|     }
|   else
|     {
|       unsigned long int i = ulongval ();
|       if (i != ((long int) (sizeof (ac__type_sizeof_))))
| 	return 1;
|       fprintf (f, "%lu\n", i);
|     }
|   return ferror (f) || fclose (f) != 0;
| 
|   ;
|   return 0;
| }
configure:7985: result: 0
configure:8003: checking what kind of nonblocking sockets you have
configure:8057: gcc -o conftest -pipe -g -O2 -funsigned-char -fno-strict-aliasing -Wno-pointer-sign   conftest.c   >&5
conftest.c: In function 'alarmed':
conftest.c:41: warning: incompatible implicit declaration of built-in function 'exit'
conftest.c: In function 'main':
conftest.c:49: warning: passing argument 2 of 'signal' from incompatible pointer type
/usr/include/signal.h:101: note: expected '__sighandler_t' but argument is of type 'int (*)()'
conftest.c:53: warning: incompatible implicit declaration of built-in function 'exit'
conftest.c:56: warning: incompatible implicit declaration of built-in function 'exit'
configure:8060: $? = 0
configure:8066: ./conftest
configure:8069: $? = 0
configure:8229: result: O_NONBLOCK
configure:8249: checking whether gcc needs -traditional
configure:8291: result: no
configure:8298: checking whether setpgrp takes no argument
configure:8332: gcc -o conftest -pipe -g -O2 -funsigned-char -fno-strict-aliasing -Wno-pointer-sign   conftest.c  >&5
conftest.c: In function 'main':
conftest.c:73: error: too many arguments to function 'setpgrp'
configure:8335: $? = 1
configure: program exited with status 1
configure: failed program was:
| /* confdefs.h.  */
| #define PACKAGE_NAME ""
| #define PACKAGE_TARNAME ""
| #define PACKAGE_VERSION ""
| #define PACKAGE_STRING ""
| #define PACKAGE_BUGREPORT ""
| #define HAVE_CRYPT 1
| #define STDC_HEADERS 1
| #define HAVE_SYS_TYPES_H 1
| #define HAVE_SYS_STAT_H 1
| #define HAVE_STDLIB_H 1
| #define HAVE_STRING_H 1
| #define HAVE_MEMORY_H 1
| #define HAVE_STRINGS_H 1
| #define HAVE_INTTYPES_H 1
| #define HAVE_STDINT_H 1
| #define HAVE_UNISTD_H 1
| #define PARAMH 1
| #define STDLIBH 1
| #define STDDEFH 1
| #define SYSSYSLOGH 1
| #define UNISTDH 1
| #define STRINGH 1
| #define STRINGSH 1
| #define MALLOCH <malloc.h>
| #define GLOBH 1
| #define TIME_WITH_SYS_TIME 1
| #define SIZEOF_SHORT 2
| #define SIZEOF_INT 4
| #define SIZEOF_LONG 4
| #define SIZEOF_RLIM_T 0
| #define NBLOCK_POSIX 1
| /* end confdefs.h.  */
| #include <stdio.h>
| #ifdef HAVE_SYS_TYPES_H
| # include <sys/types.h>
| #endif
| #ifdef HAVE_SYS_STAT_H
| # include <sys/stat.h>
| #endif
| #ifdef STDC_HEADERS
| # include <stdlib.h>
| # include <stddef.h>
| #else
| # ifdef HAVE_STDLIB_H
| #  include <stdlib.h>
| # endif
| #endif
| #ifdef HAVE_STRING_H
| # if !defined STDC_HEADERS && defined HAVE_MEMORY_H
| #  include <memory.h>
| # endif
| # include <string.h>
| #endif
| #ifdef HAVE_STRINGS_H
| # include <strings.h>
| #endif
| #ifdef HAVE_INTTYPES_H
| # include <inttypes.h>
| #endif
| #ifdef HAVE_STDINT_H
| # include <stdint.h>
| #endif
| #ifdef HAVE_UNISTD_H
| # include <unistd.h>
| #endif
| int
| main ()
| {
| /* If this system has a BSD-style setpgrp which takes arguments,
|   setpgrp(1, 1) will fail with ESRCH and return -1, in that case
|   exit successfully. */
|   return setpgrp (1,1) != -1;
|   ;
|   return 0;
| }
configure:8360: result: yes
configure:8370: checking for function prototypes
configure:8373: result: yes
configure:8390: checking whether setvbuf arguments are reversed
configure:8420: gcc -o conftest -pipe -g -O2 -funsigned-char -fno-strict-aliasing -Wno-pointer-sign   conftest.c  >&5
conftest.c:39: error: conflicting types for 'setvbuf'
/usr/include/stdio.h:313: note: previous declaration of 'setvbuf' was here
configure:8426: $? = 1
configure: failed program was:
| /* confdefs.h.  */
| #define PACKAGE_NAME ""
| #define PACKAGE_TARNAME ""
| #define PACKAGE_VERSION ""
| #define PACKAGE_STRING ""
| #define PACKAGE_BUGREPORT ""
| #define HAVE_CRYPT 1
| #define STDC_HEADERS 1
| #define HAVE_SYS_TYPES_H 1
| #define HAVE_SYS_STAT_H 1
| #define HAVE_STDLIB_H 1
| #define HAVE_STRING_H 1
| #define HAVE_MEMORY_H 1
| #define HAVE_STRINGS_H 1
| #define HAVE_INTTYPES_H 1
| #define HAVE_STDINT_H 1
| #define HAVE_UNISTD_H 1
| #define PARAMH 1
| #define STDLIBH 1
| #define STDDEFH 1
| #define SYSSYSLOGH 1
| #define UNISTDH 1
| #define STRINGH 1
| #define STRINGSH 1
| #define MALLOCH <malloc.h>
| #define GLOBH 1
| #define TIME_WITH_SYS_TIME 1
| #define SIZEOF_SHORT 2
| #define SIZEOF_INT 4
| #define SIZEOF_LONG 4
| #define SIZEOF_RLIM_T 0
| #define NBLOCK_POSIX 1
| #define SETPGRP_VOID 1
| #define PROTOTYPES 1
| #define __PROTOTYPES 1
| /* end confdefs.h.  */
| #include <stdio.h>
| #	  ifdef PROTOTYPES
| 	   int (setvbuf) (FILE *, int, char *, size_t);
| #	  endif
| int
| main ()
| {
| char buf; return setvbuf (stdout, _IOLBF, &buf, 1);
|   ;
|   return 0;
| }
configure:8547: result: no
configure:8559: checking for working alloca.h
configure:8586: gcc -o conftest -pipe -g -O2 -funsigned-char -fno-strict-aliasing -Wno-pointer-sign   conftest.c  >&5
configure:8592: $? = 0
configure:8609: result: yes
configure:8619: checking for alloca
configure:8666: gcc -o conftest -pipe -g -O2 -funsigned-char -fno-strict-aliasing -Wno-pointer-sign   conftest.c  >&5
configure:8672: $? = 0
configure:8689: result: yes
configure:8920: checking for snprintf
configure:8976: gcc -o conftest -pipe -g -O2 -funsigned-char -fno-strict-aliasing -Wno-pointer-sign   conftest.c  >&5
conftest.c:62: warning: conflicting types for built-in function 'snprintf'
configure:8982: $? = 0
configure:9000: result: yes
configure:9017: checking for vsnprintf
configure:9073: gcc -o conftest -pipe -g -O2 -funsigned-char -fno-strict-aliasing -Wno-pointer-sign   conftest.c  >&5
conftest.c:64: warning: conflicting types for built-in function 'vsnprintf'
configure:9079: $? = 0
configure:9097: result: yes
configure:9114: checking for strlcpy
configure:9170: gcc -o conftest -pipe -g -O2 -funsigned-char -fno-strict-aliasing -Wno-pointer-sign   conftest.c  >&5
/tmp/cclQSUtq.o: In function `main':
/var/unrealircd/Unreal3.2/conftest.c:77: undefined reference to `strlcpy'
collect2: ld returned 1 exit status
configure:9176: $? = 1
configure: failed program was:
| /* confdefs.h.  */
| #define PACKAGE_NAME ""
| #define PACKAGE_TARNAME ""
| #define PACKAGE_VERSION ""
| #define PACKAGE_STRING ""
| #define PACKAGE_BUGREPORT ""
| #define HAVE_CRYPT 1
| #define STDC_HEADERS 1
| #define HAVE_SYS_TYPES_H 1
| #define HAVE_SYS_STAT_H 1
| #define HAVE_STDLIB_H 1
| #define HAVE_STRING_H 1
| #define HAVE_MEMORY_H 1
| #define HAVE_STRINGS_H 1
| #define HAVE_INTTYPES_H 1
| #define HAVE_STDINT_H 1
| #define HAVE_UNISTD_H 1
| #define PARAMH 1
| #define STDLIBH 1
| #define STDDEFH 1
| #define SYSSYSLOGH 1
| #define UNISTDH 1
| #define STRINGH 1
| #define STRINGSH 1
| #define MALLOCH <malloc.h>
| #define GLOBH 1
| #define TIME_WITH_SYS_TIME 1
| #define SIZEOF_SHORT 2
| #define SIZEOF_INT 4
| #define SIZEOF_LONG 4
| #define SIZEOF_RLIM_T 0
| #define NBLOCK_POSIX 1
| #define SETPGRP_VOID 1
| #define PROTOTYPES 1
| #define __PROTOTYPES 1
| #define HAVE_ALLOCA_H 1
| #define HAVE_ALLOCA 1
| #define HAVE_SNPRINTF 1
| #define HAVE_SNPRINTF 1
| #define HAVE_VSNPRINTF 1
| #define HAVE_VSNPRINTF 1
| /* end confdefs.h.  */
| /* Define strlcpy to an innocuous variant, in case <limits.h> declares strlcpy.
|    For example, HP-UX 11i <limits.h> declares gettimeofday.  */
| #define strlcpy innocuous_strlcpy
| 
| /* System header to define __stub macros and hopefully few prototypes,
|     which can conflict with char strlcpy (); below.
|     Prefer <limits.h> to <assert.h> if __STDC__ is defined, since
|     <limits.h> exists even on freestanding compilers.  */
| 
| #ifdef __STDC__
| # include <limits.h>
| #else
| # include <assert.h>
| #endif
| 
| #undef strlcpy
| 
| /* Override any GCC internal prototype to avoid an error.
|    Use char because int might match the return type of a GCC
|    builtin and then its argument prototype would still apply.  */
| #ifdef __cplusplus
| extern "C"
| #endif
| char strlcpy ();
| /* The GNU C library defines this for functions which it implements
|     to always fail with ENOSYS.  Some functions are actually named
|     something starting with __ and the normal name is an alias.  */
| #if defined __stub_strlcpy || defined __stub___strlcpy
| choke me
| #endif
| 
| int
| main ()
| {
| return strlcpy ();
|   ;
|   return 0;
| }
configure:9194: result: no
configure:9211: checking for strlcat
configure:9267: gcc -o conftest -pipe -g -O2 -funsigned-char -fno-strict-aliasing -Wno-pointer-sign   conftest.c  >&5
/tmp/cc0e3u2A.o: In function `main':
/var/unrealircd/Unreal3.2/conftest.c:77: undefined reference to `strlcat'
collect2: ld returned 1 exit status
configure:9273: $? = 1
configure: failed program was:
| /* confdefs.h.  */
| #define PACKAGE_NAME ""
| #define PACKAGE_TARNAME ""
| #define PACKAGE_VERSION ""
| #define PACKAGE_STRING ""
| #define PACKAGE_BUGREPORT ""
| #define HAVE_CRYPT 1
| #define STDC_HEADERS 1
| #define HAVE_SYS_TYPES_H 1
| #define HAVE_SYS_STAT_H 1
| #define HAVE_STDLIB_H 1
| #define HAVE_STRING_H 1
| #define HAVE_MEMORY_H 1
| #define HAVE_STRINGS_H 1
| #define HAVE_INTTYPES_H 1
| #define HAVE_STDINT_H 1
| #define HAVE_UNISTD_H 1
| #define PARAMH 1
| #define STDLIBH 1
| #define STDDEFH 1
| #define SYSSYSLOGH 1
| #define UNISTDH 1
| #define STRINGH 1
| #define STRINGSH 1
| #define MALLOCH <malloc.h>
| #define GLOBH 1
| #define TIME_WITH_SYS_TIME 1
| #define SIZEOF_SHORT 2
| #define SIZEOF_INT 4
| #define SIZEOF_LONG 4
| #define SIZEOF_RLIM_T 0
| #define NBLOCK_POSIX 1
| #define SETPGRP_VOID 1
| #define PROTOTYPES 1
| #define __PROTOTYPES 1
| #define HAVE_ALLOCA_H 1
| #define HAVE_ALLOCA 1
| #define HAVE_SNPRINTF 1
| #define HAVE_SNPRINTF 1
| #define HAVE_VSNPRINTF 1
| #define HAVE_VSNPRINTF 1
| /* end confdefs.h.  */
| /* Define strlcat to an innocuous variant, in case <limits.h> declares strlcat.
|    For example, HP-UX 11i <limits.h> declares gettimeofday.  */
| #define strlcat innocuous_strlcat
| 
| /* System header to define __stub macros and hopefully few prototypes,
|     which can conflict with char strlcat (); below.
|     Prefer <limits.h> to <assert.h> if __STDC__ is defined, since
|     <limits.h> exists even on freestanding compilers.  */
| 
| #ifdef __STDC__
| # include <limits.h>
| #else
| # include <assert.h>
| #endif
| 
| #undef strlcat
| 
| /* Override any GCC internal prototype to avoid an error.
|    Use char because int might match the return type of a GCC
|    builtin and then its argument prototype would still apply.  */
| #ifdef __cplusplus
| extern "C"
| #endif
| char strlcat ();
| /* The GNU C library defines this for functions which it implements
|     to always fail with ENOSYS.  Some functions are actually named
|     something starting with __ and the normal name is an alias.  */
| #if defined __stub_strlcat || defined __stub___strlcat
| choke me
| #endif
| 
| int
| main ()
| {
| return strlcat ();
|   ;
|   return 0;
| }
configure:9291: result: no
configure:9308: checking for strlncat
configure:9364: gcc -o conftest -pipe -g -O2 -funsigned-char -fno-strict-aliasing -Wno-pointer-sign   conftest.c  >&5
/tmp/cclzviGQ.o: In function `main':
/var/unrealircd/Unreal3.2/conftest.c:77: undefined reference to `strlncat'
collect2: ld returned 1 exit status
configure:9370: $? = 1
configure: failed program was:
| /* confdefs.h.  */
| #define PACKAGE_NAME ""
| #define PACKAGE_TARNAME ""
| #define PACKAGE_VERSION ""
| #define PACKAGE_STRING ""
| #define PACKAGE_BUGREPORT ""
| #define HAVE_CRYPT 1
| #define STDC_HEADERS 1
| #define HAVE_SYS_TYPES_H 1
| #define HAVE_SYS_STAT_H 1
| #define HAVE_STDLIB_H 1
| #define HAVE_STRING_H 1
| #define HAVE_MEMORY_H 1
| #define HAVE_STRINGS_H 1
| #define HAVE_INTTYPES_H 1
| #define HAVE_STDINT_H 1
| #define HAVE_UNISTD_H 1
| #define PARAMH 1
| #define STDLIBH 1
| #define STDDEFH 1
| #define SYSSYSLOGH 1
| #define UNISTDH 1
| #define STRINGH 1
| #define STRINGSH 1
| #define MALLOCH <malloc.h>
| #define GLOBH 1
| #define TIME_WITH_SYS_TIME 1
| #define SIZEOF_SHORT 2
| #define SIZEOF_INT 4
| #define SIZEOF_LONG 4
| #define SIZEOF_RLIM_T 0
| #define NBLOCK_POSIX 1
| #define SETPGRP_VOID 1
| #define PROTOTYPES 1
| #define __PROTOTYPES 1
| #define HAVE_ALLOCA_H 1
| #define HAVE_ALLOCA 1
| #define HAVE_SNPRINTF 1
| #define HAVE_SNPRINTF 1
| #define HAVE_VSNPRINTF 1
| #define HAVE_VSNPRINTF 1
| /* end confdefs.h.  */
| /* Define strlncat to an innocuous variant, in case <limits.h> declares strlncat.
|    For example, HP-UX 11i <limits.h> declares gettimeofday.  */
| #define strlncat innocuous_strlncat
| 
| /* System header to define __stub macros and hopefully few prototypes,
|     which can conflict with char strlncat (); below.
|     Prefer <limits.h> to <assert.h> if __STDC__ is defined, since
|     <limits.h> exists even on freestanding compilers.  */
| 
| #ifdef __STDC__
| # include <limits.h>
| #else
| # include <assert.h>
| #endif
| 
| #undef strlncat
| 
| /* Override any GCC internal prototype to avoid an error.
|    Use char because int might match the return type of a GCC
|    builtin and then its argument prototype would still apply.  */
| #ifdef __cplusplus
| extern "C"
| #endif
| char strlncat ();
| /* The GNU C library defines this for functions which it implements
|     to always fail with ENOSYS.  Some functions are actually named
|     something starting with __ and the normal name is an alias.  */
| #if defined __stub_strlncat || defined __stub___strlncat
| choke me
| #endif
| 
| int
| main ()
| {
| return strlncat ();
|   ;
|   return 0;
| }
configure:9388: result: no
configure:9405: checking for inet_pton
configure:9461: gcc -o conftest -pipe -g -O2 -funsigned-char -fno-strict-aliasing -Wno-pointer-sign   conftest.c  >&5
configure:9467: $? = 0
configure:9485: result: yes
configure:9502: checking for inet_ntop
configure:9558: gcc -o conftest -pipe -g -O2 -funsigned-char -fno-strict-aliasing -Wno-pointer-sign   conftest.c  >&5
configure:9564: $? = 0
configure:9582: result: yes
configure:9595: checking if C99 variable length arrays are supported
configure:9628: gcc -c -pipe -g -O2 -funsigned-char -fno-strict-aliasing -Wno-pointer-sign  conftest.c >&5
configure:9634: $? = 0
configure:9650: result: yes
configure:9658: checking if we can set the core size to unlimited
configure:9696: gcc -o conftest -pipe -g -O2 -funsigned-char -fno-strict-aliasing -Wno-pointer-sign   conftest.c  >&5
conftest.c: In function 'main':
conftest.c:56: warning: incompatible implicit declaration of built-in function 'exit'
configure:9699: $? = 0
configure:9705: ./conftest
configure:9708: $? = 0
configure:9725: result: yes
configure:9737: checking for vprintf
configure:9793: gcc -o conftest -pipe -g -O2 -funsigned-char -fno-strict-aliasing -Wno-pointer-sign   conftest.c  >&5
conftest.c:72: warning: conflicting types for built-in function 'vprintf'
configure:9799: $? = 0
configure:9817: result: yes
configure:9824: checking for _doprnt
configure:9880: gcc -o conftest -pipe -g -O2 -funsigned-char -fno-strict-aliasing -Wno-pointer-sign   conftest.c  >&5
/tmp/ccgcMicP.o: In function `main':
/var/unrealircd/Unreal3.2/conftest.c:84: undefined reference to `_doprnt'
collect2: ld returned 1 exit status
configure:9886: $? = 1
configure: failed program was:
| /* confdefs.h.  */
| #define PACKAGE_NAME ""
| #define PACKAGE_TARNAME ""
| #define PACKAGE_VERSION ""
| #define PACKAGE_STRING ""
| #define PACKAGE_BUGREPORT ""
| #define HAVE_CRYPT 1
| #define STDC_HEADERS 1
| #define HAVE_SYS_TYPES_H 1
| #define HAVE_SYS_STAT_H 1
| #define HAVE_STDLIB_H 1
| #define HAVE_STRING_H 1
| #define HAVE_MEMORY_H 1
| #define HAVE_STRINGS_H 1
| #define HAVE_INTTYPES_H 1
| #define HAVE_STDINT_H 1
| #define HAVE_UNISTD_H 1
| #define PARAMH 1
| #define STDLIBH 1
| #define STDDEFH 1
| #define SYSSYSLOGH 1
| #define UNISTDH 1
| #define STRINGH 1
| #define STRINGSH 1
| #define MALLOCH <malloc.h>
| #define GLOBH 1
| #define TIME_WITH_SYS_TIME 1
| #define SIZEOF_SHORT 2
| #define SIZEOF_INT 4
| #define SIZEOF_LONG 4
| #define SIZEOF_RLIM_T 0
| #define NBLOCK_POSIX 1
| #define SETPGRP_VOID 1
| #define PROTOTYPES 1
| #define __PROTOTYPES 1
| #define HAVE_ALLOCA_H 1
| #define HAVE_ALLOCA 1
| #define HAVE_SNPRINTF 1
| #define HAVE_SNPRINTF 1
| #define HAVE_VSNPRINTF 1
| #define HAVE_VSNPRINTF 1
| #define HAVE_INET_PTON 1
| #define HAVE_INET_PTON 1
| #define HAVE_INET_NTOP 1
| #define HAVE_INET_NTOP 1
| #define HAVE_C99_VARLEN_ARRAY 1
| #define FORCE_CORE 1
| #define HAVE_VPRINTF 1
| /* end confdefs.h.  */
| /* Define _doprnt to an innocuous variant, in case <limits.h> declares _doprnt.
|    For example, HP-UX 11i <limits.h> declares gettimeofday.  */
| #define _doprnt innocuous__doprnt
| 
| /* System header to define __stub macros and hopefully few prototypes,
|     which can conflict with char _doprnt (); below.
|     Prefer <limits.h> to <assert.h> if __STDC__ is defined, since
|     <limits.h> exists even on freestanding compilers.  */
| 
| #ifdef __STDC__
| # include <limits.h>
| #else
| # include <assert.h>
| #endif
| 
| #undef _doprnt
| 
| /* Override any GCC internal prototype to avoid an error.
|    Use char because int might match the return type of a GCC
|    builtin and then its argument prototype would still apply.  */
| #ifdef __cplusplus
| extern "C"
| #endif
| char _doprnt ();
| /* The GNU C library defines this for functions which it implements
|     to always fail with ENOSYS.  Some functions are actually named
|     something starting with __ and the normal name is an alias.  */
| #if defined __stub__doprnt || defined __stub____doprnt
| choke me
| #endif
| 
| int
| main ()
| {
| return _doprnt ();
|   ;
|   return 0;
| }
configure:9903: result: no
configure:9921: checking for gettimeofday
configure:9977: gcc -o conftest -pipe -g -O2 -funsigned-char -fno-strict-aliasing -Wno-pointer-sign   conftest.c  >&5
configure:9983: $? = 0
configure:10001: result: yes
configure:10116: checking for getrusage
configure:10172: gcc -o conftest -pipe -g -O2 -funsigned-char -fno-strict-aliasing -Wno-pointer-sign   conftest.c  >&5
configure:10178: $? = 0
configure:10196: result: yes
configure:10311: checking for setproctitle
configure:10367: gcc -o conftest -pipe -g -O2 -funsigned-char -fno-strict-aliasing -Wno-pointer-sign   conftest.c  >&5
/tmp/ccocLUhm.o: In function `main':
/var/unrealircd/Unreal3.2/conftest.c:88: undefined reference to `setproctitle'
collect2: ld returned 1 exit status
configure:10373: $? = 1
configure: failed program was:
| /* confdefs.h.  */
| #define PACKAGE_NAME ""
| #define PACKAGE_TARNAME ""
| #define PACKAGE_VERSION ""
| #define PACKAGE_STRING ""
| #define PACKAGE_BUGREPORT ""
| #define HAVE_CRYPT 1
| #define STDC_HEADERS 1
| #define HAVE_SYS_TYPES_H 1
| #define HAVE_SYS_STAT_H 1
| #define HAVE_STDLIB_H 1
| #define HAVE_STRING_H 1
| #define HAVE_MEMORY_H 1
| #define HAVE_STRINGS_H 1
| #define HAVE_INTTYPES_H 1
| #define HAVE_STDINT_H 1
| #define HAVE_UNISTD_H 1
| #define PARAMH 1
| #define STDLIBH 1
| #define STDDEFH 1
| #define SYSSYSLOGH 1
| #define UNISTDH 1
| #define STRINGH 1
| #define STRINGSH 1
| #define MALLOCH <malloc.h>
| #define GLOBH 1
| #define TIME_WITH_SYS_TIME 1
| #define SIZEOF_SHORT 2
| #define SIZEOF_INT 4
| #define SIZEOF_LONG 4
| #define SIZEOF_RLIM_T 0
| #define NBLOCK_POSIX 1
| #define SETPGRP_VOID 1
| #define PROTOTYPES 1
| #define __PROTOTYPES 1
| #define HAVE_ALLOCA_H 1
| #define HAVE_ALLOCA 1
| #define HAVE_SNPRINTF 1
| #define HAVE_SNPRINTF 1
| #define HAVE_VSNPRINTF 1
| #define HAVE_VSNPRINTF 1
| #define HAVE_INET_PTON 1
| #define HAVE_INET_PTON 1
| #define HAVE_INET_NTOP 1
| #define HAVE_INET_NTOP 1
| #define HAVE_C99_VARLEN_ARRAY 1
| #define FORCE_CORE 1
| #define HAVE_VPRINTF 1
| #define HAVE_GETTIMEOFDAY 1
| #define GETTIMEOFDAY 1
| #define HAVE_GETRUSAGE 1
| #define GETRUSAGE_2 1
| /* end confdefs.h.  */
| /* Define setproctitle to an innocuous variant, in case <limits.h> declares setproctitle.
|    For example, HP-UX 11i <limits.h> declares gettimeofday.  */
| #define setproctitle innocuous_setproctitle
| 
| /* System header to define __stub macros and hopefully few prototypes,
|     which can conflict with char setproctitle (); below.
|     Prefer <limits.h> to <assert.h> if __STDC__ is defined, since
|     <limits.h> exists even on freestanding compilers.  */
| 
| #ifdef __STDC__
| # include <limits.h>
| #else
| # include <assert.h>
| #endif
| 
| #undef setproctitle
| 
| /* Override any GCC internal prototype to avoid an error.
|    Use char because int might match the return type of a GCC
|    builtin and then its argument prototype would still apply.  */
| #ifdef __cplusplus
| extern "C"
| #endif
| char setproctitle ();
| /* The GNU C library defines this for functions which it implements
|     to always fail with ENOSYS.  Some functions are actually named
|     something starting with __ and the normal name is an alias.  */
| #if defined __stub_setproctitle || defined __stub___setproctitle
| choke me
| #endif
| 
| int
| main ()
| {
| return setproctitle ();
|   ;
|   return 0;
| }
configure:10391: result: no
configure:10403: checking for setproctitle in -lutil
configure:10438: gcc -o conftest -pipe -g -O2 -funsigned-char -fno-strict-aliasing -Wno-pointer-sign   conftest.c -lutil   >&5
/tmp/ccIHa7Uy.o: In function `main':
/var/unrealircd/Unreal3.2/conftest.c:65: undefined reference to `setproctitle'
collect2: ld returned 1 exit status
configure:10444: $? = 1
configure: failed program was:
| /* confdefs.h.  */
| #define PACKAGE_NAME ""
| #define PACKAGE_TARNAME ""
| #define PACKAGE_VERSION ""
| #define PACKAGE_STRING ""
| #define PACKAGE_BUGREPORT ""
| #define HAVE_CRYPT 1
| #define STDC_HEADERS 1
| #define HAVE_SYS_TYPES_H 1
| #define HAVE_SYS_STAT_H 1
| #define HAVE_STDLIB_H 1
| #define HAVE_STRING_H 1
| #define HAVE_MEMORY_H 1
| #define HAVE_STRINGS_H 1
| #define HAVE_INTTYPES_H 1
| #define HAVE_STDINT_H 1
| #define HAVE_UNISTD_H 1
| #define PARAMH 1
| #define STDLIBH 1
| #define STDDEFH 1
| #define SYSSYSLOGH 1
| #define UNISTDH 1
| #define STRINGH 1
| #define STRINGSH 1
| #define MALLOCH <malloc.h>
| #define GLOBH 1
| #define TIME_WITH_SYS_TIME 1
| #define SIZEOF_SHORT 2
| #define SIZEOF_INT 4
| #define SIZEOF_LONG 4
| #define SIZEOF_RLIM_T 0
| #define NBLOCK_POSIX 1
| #define SETPGRP_VOID 1
| #define PROTOTYPES 1
| #define __PROTOTYPES 1
| #define HAVE_ALLOCA_H 1
| #define HAVE_ALLOCA 1
| #define HAVE_SNPRINTF 1
| #define HAVE_SNPRINTF 1
| #define HAVE_VSNPRINTF 1
| #define HAVE_VSNPRINTF 1
| #define HAVE_INET_PTON 1
| #define HAVE_INET_PTON 1
| #define HAVE_INET_NTOP 1
| #define HAVE_INET_NTOP 1
| #define HAVE_C99_VARLEN_ARRAY 1
| #define FORCE_CORE 1
| #define HAVE_VPRINTF 1
| #define HAVE_GETTIMEOFDAY 1
| #define GETTIMEOFDAY 1
| #define HAVE_GETRUSAGE 1
| #define GETRUSAGE_2 1
| /* end confdefs.h.  */
| 
| /* Override any GCC internal prototype to avoid an error.
|    Use char because int might match the return type of a GCC
|    builtin and then its argument prototype would still apply.  */
| #ifdef __cplusplus
| extern "C"
| #endif
| char setproctitle ();
| int
| main ()
| {
| return setproctitle ();
|   ;
|   return 0;
| }
configure:10462: result: no
conftest.c:54:22: error: sys/exec.h: No such file or directory
configure:10492: checking for pstat
configure:10548: gcc -o conftest -pipe -g -O2 -funsigned-char -fno-strict-aliasing -Wno-pointer-sign   conftest.c  >&5
/tmp/ccvYPDPM.o: In function `main':
/var/unrealircd/Unreal3.2/conftest.c:88: undefined reference to `pstat'
collect2: ld returned 1 exit status
configure:10554: $? = 1
configure: failed program was:
| /* confdefs.h.  */
| #define PACKAGE_NAME ""
| #define PACKAGE_TARNAME ""
| #define PACKAGE_VERSION ""
| #define PACKAGE_STRING ""
| #define PACKAGE_BUGREPORT ""
| #define HAVE_CRYPT 1
| #define STDC_HEADERS 1
| #define HAVE_SYS_TYPES_H 1
| #define HAVE_SYS_STAT_H 1
| #define HAVE_STDLIB_H 1
| #define HAVE_STRING_H 1
| #define HAVE_MEMORY_H 1
| #define HAVE_STRINGS_H 1
| #define HAVE_INTTYPES_H 1
| #define HAVE_STDINT_H 1
| #define HAVE_UNISTD_H 1
| #define PARAMH 1
| #define STDLIBH 1
| #define STDDEFH 1
| #define SYSSYSLOGH 1
| #define UNISTDH 1
| #define STRINGH 1
| #define STRINGSH 1
| #define MALLOCH <malloc.h>
| #define GLOBH 1
| #define TIME_WITH_SYS_TIME 1
| #define SIZEOF_SHORT 2
| #define SIZEOF_INT 4
| #define SIZEOF_LONG 4
| #define SIZEOF_RLIM_T 0
| #define NBLOCK_POSIX 1
| #define SETPGRP_VOID 1
| #define PROTOTYPES 1
| #define __PROTOTYPES 1
| #define HAVE_ALLOCA_H 1
| #define HAVE_ALLOCA 1
| #define HAVE_SNPRINTF 1
| #define HAVE_SNPRINTF 1
| #define HAVE_VSNPRINTF 1
| #define HAVE_VSNPRINTF 1
| #define HAVE_INET_PTON 1
| #define HAVE_INET_PTON 1
| #define HAVE_INET_NTOP 1
| #define HAVE_INET_NTOP 1
| #define HAVE_C99_VARLEN_ARRAY 1
| #define FORCE_CORE 1
| #define HAVE_VPRINTF 1
| #define HAVE_GETTIMEOFDAY 1
| #define GETTIMEOFDAY 1
| #define HAVE_GETRUSAGE 1
| #define GETRUSAGE_2 1
| /* end confdefs.h.  */
| /* Define pstat to an innocuous variant, in case <limits.h> declares pstat.
|    For example, HP-UX 11i <limits.h> declares gettimeofday.  */
| #define pstat innocuous_pstat
| 
| /* System header to define __stub macros and hopefully few prototypes,
|     which can conflict with char pstat (); below.
|     Prefer <limits.h> to <assert.h> if __STDC__ is defined, since
|     <limits.h> exists even on freestanding compilers.  */
| 
| #ifdef __STDC__
| # include <limits.h>
| #else
| # include <assert.h>
| #endif
| 
| #undef pstat
| 
| /* Override any GCC internal prototype to avoid an error.
|    Use char because int might match the return type of a GCC
|    builtin and then its argument prototype would still apply.  */
| #ifdef __cplusplus
| extern "C"
| #endif
| char pstat ();
| /* The GNU C library defines this for functions which it implements
|     to always fail with ENOSYS.  Some functions are actually named
|     something starting with __ and the normal name is an alias.  */
| #if defined __stub_pstat || defined __stub___pstat
| choke me
| #endif
| 
| int
| main ()
| {
| return pstat ();
|   ;
|   return 0;
| }
configure:10572: result: no
configure:10596: checking what type of signals you have
configure:10628: gcc -o conftest -pipe -g -O2 -funsigned-char -fno-strict-aliasing -Wno-pointer-sign   conftest.c  >&5
configure:10631: $? = 0
configure:10637: ./conftest
configure:10640: $? = 0
configure:10721: result: POSIX
configure:10744: checking for strtoken
configure:10800: gcc -o conftest -pipe -g -O2 -funsigned-char -fno-strict-aliasing -Wno-pointer-sign   conftest.c  >&5
/tmp/cc3XFfy1.o: In function `main':
/var/unrealircd/Unreal3.2/conftest.c:89: undefined reference to `strtoken'
collect2: ld returned 1 exit status
configure:10806: $? = 1
configure: failed program was:
| /* confdefs.h.  */
| #define PACKAGE_NAME ""
| #define PACKAGE_TARNAME ""
| #define PACKAGE_VERSION ""
| #define PACKAGE_STRING ""
| #define PACKAGE_BUGREPORT ""
| #define HAVE_CRYPT 1
| #define STDC_HEADERS 1
| #define HAVE_SYS_TYPES_H 1
| #define HAVE_SYS_STAT_H 1
| #define HAVE_STDLIB_H 1
| #define HAVE_STRING_H 1
| #define HAVE_MEMORY_H 1
| #define HAVE_STRINGS_H 1
| #define HAVE_INTTYPES_H 1
| #define HAVE_STDINT_H 1
| #define HAVE_UNISTD_H 1
| #define PARAMH 1
| #define STDLIBH 1
| #define STDDEFH 1
| #define SYSSYSLOGH 1
| #define UNISTDH 1
| #define STRINGH 1
| #define STRINGSH 1
| #define MALLOCH <malloc.h>
| #define GLOBH 1
| #define TIME_WITH_SYS_TIME 1
| #define SIZEOF_SHORT 2
| #define SIZEOF_INT 4
| #define SIZEOF_LONG 4
| #define SIZEOF_RLIM_T 0
| #define NBLOCK_POSIX 1
| #define SETPGRP_VOID 1
| #define PROTOTYPES 1
| #define __PROTOTYPES 1
| #define HAVE_ALLOCA_H 1
| #define HAVE_ALLOCA 1
| #define HAVE_SNPRINTF 1
| #define HAVE_SNPRINTF 1
| #define HAVE_VSNPRINTF 1
| #define HAVE_VSNPRINTF 1
| #define HAVE_INET_PTON 1
| #define HAVE_INET_PTON 1
| #define HAVE_INET_NTOP 1
| #define HAVE_INET_NTOP 1
| #define HAVE_C99_VARLEN_ARRAY 1
| #define FORCE_CORE 1
| #define HAVE_VPRINTF 1
| #define HAVE_GETTIMEOFDAY 1
| #define GETTIMEOFDAY 1
| #define HAVE_GETRUSAGE 1
| #define GETRUSAGE_2 1
| #define POSIX_SIGNALS 1
| /* end confdefs.h.  */
| /* Define strtoken to an innocuous variant, in case <limits.h> declares strtoken.
|    For example, HP-UX 11i <limits.h> declares gettimeofday.  */
| #define strtoken innocuous_strtoken
| 
| /* System header to define __stub macros and hopefully few prototypes,
|     which can conflict with char strtoken (); below.
|     Prefer <limits.h> to <assert.h> if __STDC__ is defined, since
|     <limits.h> exists even on freestanding compilers.  */
| 
| #ifdef __STDC__
| # include <limits.h>
| #else
| # include <assert.h>
| #endif
| 
| #undef strtoken
| 
| /* Override any GCC internal prototype to avoid an error.
|    Use char because int might match the return type of a GCC
|    builtin and then its argument prototype would still apply.  */
| #ifdef __cplusplus
| extern "C"
| #endif
| char strtoken ();
| /* The GNU C library defines this for functions which it implements
|     to always fail with ENOSYS.  Some functions are actually named
|     something starting with __ and the normal name is an alias.  */
| #if defined __stub_strtoken || defined __stub___strtoken
| choke me
| #endif
| 
| int
| main ()
| {
| return strtoken ();
|   ;
|   return 0;
| }
configure:10824: result: no
configure:10843: checking for strtok
configure:10899: gcc -o conftest -pipe -g -O2 -funsigned-char -fno-strict-aliasing -Wno-pointer-sign   conftest.c  >&5
configure:10905: $? = 0
configure:10923: result: yes
configure:10942: checking for strerror
configure:10998: gcc -o conftest -pipe -g -O2 -funsigned-char -fno-strict-aliasing -Wno-pointer-sign   conftest.c  >&5
configure:11004: $? = 0
configure:11022: result: yes
configure:11041: checking for index
configure:11097: gcc -o conftest -pipe -g -O2 -funsigned-char -fno-strict-aliasing -Wno-pointer-sign   conftest.c  >&5
conftest.c:81: warning: conflicting types for built-in function 'index'
configure:11103: $? = 0
configure:11121: result: yes
configure:11140: checking for strtoul
configure:11196: gcc -o conftest -pipe -g -O2 -funsigned-char -fno-strict-aliasing -Wno-pointer-sign   conftest.c  >&5
configure:11202: $? = 0
configure:11220: result: yes
configure:11236: checking for bcopy
configure:11292: gcc -o conftest -pipe -g -O2 -funsigned-char -fno-strict-aliasing -Wno-pointer-sign   conftest.c  >&5
conftest.c:83: warning: conflicting types for built-in function 'bcopy'
configure:11298: $? = 0
configure:11316: result: yes
configure:11335: checking for bcmp
configure:11391: gcc -o conftest -pipe -g -O2 -funsigned-char -fno-strict-aliasing -Wno-pointer-sign   conftest.c  >&5
conftest.c:84: warning: conflicting types for built-in function 'bcmp'
configure:11397: $? = 0
configure:11415: result: yes
configure:11434: checking for bzero
configure:11490: gcc -o conftest -pipe -g -O2 -funsigned-char -fno-strict-aliasing -Wno-pointer-sign   conftest.c  >&5
conftest.c:85: warning: conflicting types for built-in function 'bzero'
configure:11496: $? = 0
configure:11514: result: yes
configure:11533: checking for strcasecmp
configure:11589: gcc -o conftest -pipe -g -O2 -funsigned-char -fno-strict-aliasing -Wno-pointer-sign   conftest.c  >&5
conftest.c:86: warning: conflicting types for built-in function 'strcasecmp'
configure:11595: $? = 0
configure:11613: result: yes
configure:11632: checking for inet_addr
configure:11688: gcc -o conftest -pipe -g -O2 -funsigned-char -fno-strict-aliasing -Wno-pointer-sign   conftest.c   -lnsl >&5
configure:11694: $? = 0
configure:11712: result: yes
configure:11731: checking for inet_ntoa
configure:11787: gcc -o conftest -pipe -g -O2 -funsigned-char -fno-strict-aliasing -Wno-pointer-sign   conftest.c   -lnsl >&5
configure:11793: $? = 0
configure:11811: result: yes
configure:11830: checking for inet_netof
configure:11886: gcc -o conftest -pipe -g -O2 -funsigned-char -fno-strict-aliasing -Wno-pointer-sign   conftest.c   -lnsl >&5
configure:11892: $? = 0
configure:11910: result: yes
configure:11930: checking for syslog
configure:11986: gcc -o conftest -pipe -g -O2 -funsigned-char -fno-strict-aliasing -Wno-pointer-sign   conftest.c  >&5
configure:11992: $? = 0
configure:12010: result: yes
configure:12027: checking for vsyslog
configure:12083: gcc -o conftest -pipe -g -O2 -funsigned-char -fno-strict-aliasing -Wno-pointer-sign   conftest.c  >&5
configure:12089: $? = 0
configure:12107: result: yes
configure:12329: checking for openssl
configure:12334: result: found in /usr/include/openssl
configure:12455: checking for dlopen
configure:12511: gcc -o conftest -pipe -g -O2 -funsigned-char -fno-strict-aliasing -Wno-pointer-sign   conftest.c  >&5
/tmp/ccN0Qx1S.o: In function `main':
/var/unrealircd/Unreal3.2/conftest.c:119: undefined reference to `dlopen'
collect2: ld returned 1 exit status
configure:12517: $? = 1
configure: failed program was:
| /* confdefs.h.  */
| #define PACKAGE_NAME ""
| #define PACKAGE_TARNAME ""
| #define PACKAGE_VERSION ""
| #define PACKAGE_STRING ""
| #define PACKAGE_BUGREPORT ""
| #define HAVE_CRYPT 1
| #define STDC_HEADERS 1
| #define HAVE_SYS_TYPES_H 1
| #define HAVE_SYS_STAT_H 1
| #define HAVE_STDLIB_H 1
| #define HAVE_STRING_H 1
| #define HAVE_MEMORY_H 1
| #define HAVE_STRINGS_H 1
| #define HAVE_INTTYPES_H 1
| #define HAVE_STDINT_H 1
| #define HAVE_UNISTD_H 1
| #define PARAMH 1
| #define STDLIBH 1
| #define STDDEFH 1
| #define SYSSYSLOGH 1
| #define UNISTDH 1
| #define STRINGH 1
| #define STRINGSH 1
| #define MALLOCH <malloc.h>
| #define GLOBH 1
| #define TIME_WITH_SYS_TIME 1
| #define SIZEOF_SHORT 2
| #define SIZEOF_INT 4
| #define SIZEOF_LONG 4
| #define SIZEOF_RLIM_T 0
| #define NBLOCK_POSIX 1
| #define SETPGRP_VOID 1
| #define PROTOTYPES 1
| #define __PROTOTYPES 1
| #define HAVE_ALLOCA_H 1
| #define HAVE_ALLOCA 1
| #define HAVE_SNPRINTF 1
| #define HAVE_SNPRINTF 1
| #define HAVE_VSNPRINTF 1
| #define HAVE_VSNPRINTF 1
| #define HAVE_INET_PTON 1
| #define HAVE_INET_PTON 1
| #define HAVE_INET_NTOP 1
| #define HAVE_INET_NTOP 1
| #define HAVE_C99_VARLEN_ARRAY 1
| #define FORCE_CORE 1
| #define HAVE_VPRINTF 1
| #define HAVE_GETTIMEOFDAY 1
| #define GETTIMEOFDAY 1
| #define HAVE_GETRUSAGE 1
| #define GETRUSAGE_2 1
| #define POSIX_SIGNALS 1
| #define NEED_STRTOKEN 1
| #define HAVE_STRTOK 1
| #define HAVE_STRERROR 1
| #define HAVE_INDEX 1
| #define HAVE_STRTOUL 1
| #define HAVE_BCOPY 1
| #define HAVE_BCMP 1
| #define HAVE_BZERO 1
| #define HAVE_STRCASECMP 1
| #define GOT_STRCASECMP 1
| #define HAVE_INET_ADDR 1
| #define HAVE_INET_NTOA 1
| #define HAVE_INET_NETOF 1
| #define HAVE_SYSLOG 1
| #define HAVE_SYSLOG 1
| #define HAVE_VSYSLOG 1
| #define HAVE_VSYSLOG 1
| #define LISTEN_SIZE 5
| #define NICKNAMEHISTORYLENGTH 2000
| #define MAXSENDQLENGTH 3000000
| #define BUFFERPOOL (18 * MAXSENDQLENGTH)
| #define DOMAINNAME "tktestserv"
| #define DEFAULT_PERMISSIONS 0600
| #define DPATH "/var/unrealircd/Unreal3.2"
| #define MAXCONNECTIONS 1024
| #define SPATH "/var/unrealircd/Unreal3.2/src/ircd"
| #define PREFIX_AQ 1
| #define HUB 1
| #define LIST_SHOW_MODES 1
| #define USE_SSL 1
| /* end confdefs.h.  */
| /* Define dlopen to an innocuous variant, in case <limits.h> declares dlopen.
|    For example, HP-UX 11i <limits.h> declares gettimeofday.  */
| #define dlopen innocuous_dlopen
| 
| /* System header to define __stub macros and hopefully few prototypes,
|     which can conflict with char dlopen (); below.
|     Prefer <limits.h> to <assert.h> if __STDC__ is defined, since
|     <limits.h> exists even on freestanding compilers.  */
| 
| #ifdef __STDC__
| # include <limits.h>
| #else
| # include <assert.h>
| #endif
| 
| #undef dlopen
| 
| /* Override any GCC internal prototype to avoid an error.
|    Use char because int might match the return type of a GCC
|    builtin and then its argument prototype would still apply.  */
| #ifdef __cplusplus
| extern "C"
| #endif
| char dlopen ();
| /* The GNU C library defines this for functions which it implements
|     to always fail with ENOSYS.  Some functions are actually named
|     something starting with __ and the normal name is an alias.  */
| #if defined __stub_dlopen || defined __stub___dlopen
| choke me
| #endif
| 
| int
| main ()
| {
| return dlopen ();
|   ;
|   return 0;
| }
configure:12534: result: no
configure:12539: checking for dlopen in -ldl
configure:12574: gcc -o conftest -pipe -g -O2 -funsigned-char -fno-strict-aliasing -Wno-pointer-sign   conftest.c -ldl   >&5
configure:12580: $? = 0
configure:12598: result: yes
configure:12618: checking if we need the -export-dynamic flag
configure:12645: gcc -o conftest -pipe -g -O2 -funsigned-char -fno-strict-aliasing -Wno-pointer-sign -export-dynamic   conftest.c  >&5
configure:12651: $? = 0
configure:12668: result: yes
configure:12674: checking for compiler option to produce PIC
configure:12699: result: -fPIC -DPIC -shared
configure:12701: checking if your system prepends an underscore on symbols
configure:12721: result: no
configure:12885: checking if FD_SETSIZE is large enough to allow 1024 file descriptors
configure:12916: gcc -o conftest -pipe -g -O2 -funsigned-char -fno-strict-aliasing -Wno-pointer-sign -export-dynamic   conftest.c  >&5
conftest.c: In function 'main':
conftest.c:91: warning: incompatible implicit declaration of built-in function 'exit'
configure:12919: $? = 0
configure:12925: ./conftest
configure:12928: $? = 0
configure:12930: result: yes
configure:12961: result: extracting TRE regex library
configure:12974: result: configuring TRE regex library
configure:12978: result: compiling TRE regex library
configure:12981: result: installing TRE regex library
configure:12996: result: extracting c-ares resolver library
configure:13009: result: configuring c-ares library
configure:13013: result: compiling c-ares resolver library
configure:13016: result: installing c-ares resolver library
configure:13148: creating ./config.status

## ---------------------- ##
## Running config.status. ##
## ---------------------- ##

This file was extended by config.status, which was
generated by GNU Autoconf 2.61.  Invocation command line was

  CONFIG_FILES    = 
  CONFIG_HEADERS  = 
  CONFIG_LINKS    = 
  CONFIG_COMMANDS = 
  $ ./config.status 

on tktestserv

config.status:619: creating Makefile
config.status:619: creating src/modules/Makefile
config.status:619: creating unreal
config.status:619: creating ircdcron/ircdchk
config.status:619: creating include/setup.h

## ---------------- ##
## Cache variables. ##
## ---------------- ##

ac_cv_c_compiler_gnu=yes
ac_cv_c_const=yes
ac_cv_c_inline=inline
ac_cv_env_CC_set=
ac_cv_env_CC_value=
ac_cv_env_CFLAGS_set=
ac_cv_env_CFLAGS_value=
ac_cv_env_CPPFLAGS_set=
ac_cv_env_CPPFLAGS_value=
ac_cv_env_CPP_set=
ac_cv_env_CPP_value=
ac_cv_env_LDFLAGS_set=
ac_cv_env_LDFLAGS_value=
ac_cv_env_LIBS_set=
ac_cv_env_LIBS_value=
ac_cv_env_build_alias_set=
ac_cv_env_build_alias_value=
ac_cv_env_host_alias_set=
ac_cv_env_host_alias_value=
ac_cv_env_target_alias_set=
ac_cv_env_target_alias_value=
ac_cv_export_dynamic=yes
ac_cv_force_core=yes
ac_cv_func__doprnt=no
ac_cv_func_alloca_works=yes
ac_cv_func_bcmp=yes
ac_cv_func_bcopy=yes
ac_cv_func_bzero=yes
ac_cv_func_dlopen=no
ac_cv_func_getrusage=yes
ac_cv_func_gettimeofday=yes
ac_cv_func_index=yes
ac_cv_func_inet_addr=yes
ac_cv_func_inet_netof=yes
ac_cv_func_inet_ntoa=yes
ac_cv_func_inet_ntop=yes
ac_cv_func_inet_pton=yes
ac_cv_func_pstat=no
ac_cv_func_setpgrp_void=yes
ac_cv_func_setproctitle=no
ac_cv_func_setvbuf_reversed=no
ac_cv_func_snprintf=yes
ac_cv_func_strcasecmp=yes
ac_cv_func_strerror=yes
ac_cv_func_strlcat=no
ac_cv_func_strlcpy=no
ac_cv_func_strlncat=no
ac_cv_func_strtok=yes
ac_cv_func_strtoken=no
ac_cv_func_strtoul=yes
ac_cv_func_syslog=yes
ac_cv_func_vprintf=yes
ac_cv_func_vsnprintf=yes
ac_cv_func_vsyslog=yes
ac_cv_header_glob_h=yes
ac_cv_header_inttypes_h=yes
ac_cv_header_malloc_h=yes
ac_cv_header_memory_h=yes
ac_cv_header_stdc=yes
ac_cv_header_stddef_h=yes
ac_cv_header_stdint_h=yes
ac_cv_header_stdlib_h=yes
ac_cv_header_string_h=yes
ac_cv_header_strings_h=yes
ac_cv_header_sys_param_h=yes
ac_cv_header_sys_rusage_h=no
ac_cv_header_sys_stat_h=yes
ac_cv_header_sys_syslog_h=yes
ac_cv_header_sys_types_h=yes
ac_cv_header_time=yes
ac_cv_header_unistd_h=yes
ac_cv_lib_crypt_crypt=yes
ac_cv_lib_descrypt_crypt=no
ac_cv_lib_dl_dlopen=yes
ac_cv_lib_nsl_inet_ntoa=yes
ac_cv_lib_socket_socket=no
ac_cv_lib_util_setproctitle=no
ac_cv_nonblocking=O_NONBLOCK
ac_cv_objext=o
ac_cv_path_CP=/bin/cp
ac_cv_path_EGREP='/bin/grep -E'
ac_cv_path_GREP=/bin/grep
ac_cv_path_GUNZIP=/bin/gunzip
ac_cv_path_INSTALL=/usr/bin/install
ac_cv_path_OPENSSLPATH=/usr/bin/openssl
ac_cv_path_PKGCONFIG=/usr/bin/pkg-config
ac_cv_path_RM=/bin/rm
ac_cv_path_TOUCH=/usr/bin/touch
ac_cv_pic='-fPIC -DPIC -shared'
ac_cv_pipe=yes
ac_cv_prog_CPP='gcc -E'
ac_cv_prog_MAKER=make
ac_cv_prog_ac_ct_CC=gcc
ac_cv_prog_cc_c89=
ac_cv_prog_cc_g=yes
ac_cv_prog_gcc_traditional=no
ac_cv_sigtype=POSIX
ac_cv_sizeof_int=4
ac_cv_sizeof_long=4
ac_cv_sizeof_rlim_t=0
ac_cv_sizeof_short=2
ac_cv_struct_tm=time.h
ac_cv_type_int16_t=yes
ac_cv_type_int32_t=yes
ac_cv_type_int=yes
ac_cv_type_long=yes
ac_cv_type_rlim_t=no
ac_cv_type_short=yes
ac_cv_type_size_t=yes
ac_cv_type_u_int16_t=yes
ac_cv_type_u_int32_t=yes
ac_cv_type_uid_t=yes
ac_cv_underscore=no
ac_cv_varlen_arrays=yes
ac_cv_working_alloca_h=yes

## ----------------- ##
## Output variables. ##
## ----------------- ##

ALLOCA=''
BINDIR='/var/unrealircd/Unreal3.2/src/ircd'
CARESINCDIR='/var/unrealircd/Unreal3.2/extras/c-ares/include'
CARESLIBDIR='-L../extras/c-ares/lib'
CARESLIBS='-L/var/unrealircd/Unreal3.2/extras/c-ares/lib -lcares -lrt  '
CC='gcc'
CFLAGS='-pipe -g -O2 -funsigned-char -fno-strict-aliasing -Wno-pointer-sign -export-dynamic'
CP='/bin/cp'
CPP='gcc -E'
CPPFLAGS=''
CRYPTOLIB='-lssl -lcrypto'
DEFS='-DHAVE_CONFIG_H'
ECHO_C=''
ECHO_N='-n'
ECHO_T=''
EGREP='/bin/grep -E'
EXEEXT=''
FD_SETSIZE=''
GMAKE=''
GREP='/bin/grep'
GUNZIP='/bin/gunzip'
HAVE_ZLIB=''
INSTALL='/usr/bin/install'
IRCDDIR='/var/unrealircd/Unreal3.2'
IRCDLIBS='-lcrypt -lnsl  -ldl'
LDFLAGS=''
LIBOBJS=''
LIBS=''
LTLIBOBJS=''
MAKER='make'
MKPASSWDLIBS='-lcrypt'
MODULEFLAGS='-fPIC -DPIC -shared'
OBJEXT='o'
OPENSSLPATH='/usr/bin/openssl'
PACKAGE_BUGREPORT=''
PACKAGE_NAME=''
PACKAGE_STRING=''
PACKAGE_TARNAME=''
PACKAGE_VERSION=''
PATH_SEPARATOR=':'
PKGCONFIG='/usr/bin/pkg-config'
RM='/bin/rm'
SHELL='/bin/bash'
STRTOUL=''
TOUCH='/usr/bin/touch'
TREINCDIR='/var/unrealircd/Unreal3.2/extras/regexp/include'
TRELIBS='-L/var/unrealircd/Unreal3.2/extras/regexp/lib -ltre  '
URL=''
ac_ct_CC='gcc'
bindir='${exec_prefix}/bin'
build_alias=''
datadir='${datarootdir}'
datarootdir='${prefix}/share'
docdir='${datarootdir}/doc/${PACKAGE}'
dvidir='${docdir}'
exec_prefix='${prefix}'
host_alias=''
htmldir='${docdir}'
includedir='${prefix}/include'
infodir='${datarootdir}/info'
libdir='${exec_prefix}/lib'
libexecdir='${exec_prefix}/libexec'
localedir='${datarootdir}/locale'
localstatedir='${prefix}/var'
mandir='${datarootdir}/man'
oldincludedir='/usr/include'
pdfdir='${docdir}'
prefix='/usr/local'
program_transform_name='s,x,x,'
psdir='${docdir}'
sbindir='${exec_prefix}/sbin'
sharedstatedir='${prefix}/com'
sysconfdir='${prefix}/etc'
target_alias=''

## ----------- ##
## confdefs.h. ##
## ----------- ##

#define PACKAGE_NAME ""
#define PACKAGE_TARNAME ""
#define PACKAGE_VERSION ""
#define PACKAGE_STRING ""
#define PACKAGE_BUGREPORT ""
#define HAVE_CRYPT 1
#define STDC_HEADERS 1
#define HAVE_SYS_TYPES_H 1
#define HAVE_SYS_STAT_H 1
#define HAVE_STDLIB_H 1
#define HAVE_STRING_H 1
#define HAVE_MEMORY_H 1
#define HAVE_STRINGS_H 1
#define HAVE_INTTYPES_H 1
#define HAVE_STDINT_H 1
#define HAVE_UNISTD_H 1
#define PARAMH 1
#define STDLIBH 1
#define STDDEFH 1
#define SYSSYSLOGH 1
#define UNISTDH 1
#define STRINGH 1
#define STRINGSH 1
#define MALLOCH <malloc.h>
#define GLOBH 1
#define TIME_WITH_SYS_TIME 1
#define SIZEOF_SHORT 2
#define SIZEOF_INT 4
#define SIZEOF_LONG 4
#define SIZEOF_RLIM_T 0
#define NBLOCK_POSIX 1
#define SETPGRP_VOID 1
#define PROTOTYPES 1
#define __PROTOTYPES 1
#define HAVE_ALLOCA_H 1
#define HAVE_ALLOCA 1
#define HAVE_SNPRINTF 1
#define HAVE_SNPRINTF 1
#define HAVE_VSNPRINTF 1
#define HAVE_VSNPRINTF 1
#define HAVE_INET_PTON 1
#define HAVE_INET_PTON 1
#define HAVE_INET_NTOP 1
#define HAVE_INET_NTOP 1
#define HAVE_C99_VARLEN_ARRAY 1
#define FORCE_CORE 1
#define HAVE_VPRINTF 1
#define HAVE_GETTIMEOFDAY 1
#define GETTIMEOFDAY 1
#define HAVE_GETRUSAGE 1
#define GETRUSAGE_2 1
#define POSIX_SIGNALS 1
#define NEED_STRTOKEN 1
#define HAVE_STRTOK 1
#define HAVE_STRERROR 1
#define HAVE_INDEX 1
#define HAVE_STRTOUL 1
#define HAVE_BCOPY 1
#define HAVE_BCMP 1
#define HAVE_BZERO 1
#define HAVE_STRCASECMP 1
#define GOT_STRCASECMP 1
#define HAVE_INET_ADDR 1
#define HAVE_INET_NTOA 1
#define HAVE_INET_NETOF 1
#define HAVE_SYSLOG 1
#define HAVE_SYSLOG 1
#define HAVE_VSYSLOG 1
#define HAVE_VSYSLOG 1
#define LISTEN_SIZE 5
#define NICKNAMEHISTORYLENGTH 2000
#define MAXSENDQLENGTH 3000000
#define BUFFERPOOL (18 * MAXSENDQLENGTH)
#define DOMAINNAME "tktestserv"
#define DEFAULT_PERMISSIONS 0600
#define DPATH "/var/unrealircd/Unreal3.2"
#define MAXCONNECTIONS 1024
#define SPATH "/var/unrealircd/Unreal3.2/src/ircd"
#define PREFIX_AQ 1
#define HUB 1
#define LIST_SHOW_MODES 1
#define USE_SSL 1
#define DYNAMIC_LINKING 1

configure: exit 0
